# JRE version: Java(TM) SE Runtime Environment (8.0_91-b15) (build 1.8.0_91-b15)
# Java VM: Java HotSpot(TM) 64-Bit Server VM (25.91-b15 mixed mode windows-amd64 compressed oops)
Heap:
 PSYoungGen      total 113152K, used 76319K [0x000000076b900000, 0x0000000774980000, 0x00000007c0000000)
  eden space 102400K, 70% used [0x000000076b900000,0x000000076ff83300,0x0000000771d00000)
  from space 10752K, 38% used [0x0000000773480000,0x0000000773884b58,0x0000000773f00000)
  to   space 7168K, 0% used [0x0000000774280000,0x0000000774280000,0x0000000774980000)
 ParOldGen       total 98304K, used 11829K [0x00000006c2a00000, 0x00000006c8a00000, 0x000000076b900000)
  object space 98304K, 12% used [0x00000006c2a00000,0x00000006c358d7b0,0x00000006c8a00000)
 Metaspace       used 41883K, capacity 44414K, committed 44672K, reserved 1087488K
  class space    used 5506K, capacity 5995K, committed 6016K, reserved 1048576K
GC Heap History (10 events):
Event: 1.312 GC heap before
{Heap before GC invocations=5 (full 1):
 PSYoungGen      total 75776K, used 65024K [0x000000076b900000, 0x0000000774d00000, 0x00000007c0000000)
  eden space 65024K, 100% used [0x000000076b900000,0x000000076f880000,0x000000076f880000)
  from space 10752K, 0% used [0x000000076f880000,0x000000076f880000,0x0000000770300000)
  to   space 10752K, 0% used [0x0000000774280000,0x0000000774280000,0x0000000774d00000)
 ParOldGen       total 98304K, used 7039K [0x00000006c2a00000, 0x00000006c8a00000, 0x000000076b900000)
  object space 98304K, 7% used [0x00000006c2a00000,0x00000006c30dfd70,0x00000006c8a00000)
 Metaspace       used 23894K, capacity 25610K, committed 25728K, reserved 1071104K
  class space    used 3081K, capacity 3407K, committed 3456K, reserved 1048576K
Event: 1.316 GC heap after
Heap after GC invocations=5 (full 1):
 PSYoungGen      total 109568K, used 6842K [0x000000076b900000, 0x0000000774980000, 0x00000007c0000000)
  eden space 102400K, 0% used [0x000000076b900000,0x000000076b900000,0x0000000771d00000)
  from space 7168K, 95% used [0x0000000774280000,0x000000077492e970,0x0000000774980000)
  to   space 10752K, 0% used [0x0000000773480000,0x0000000773480000,0x0000000773f00000)
 ParOldGen       total 98304K, used 7047K [0x00000006c2a00000, 0x00000006c8a00000, 0x000000076b900000)
  object space 98304K, 7% used [0x00000006c2a00000,0x00000006c30e1d70,0x00000006c8a00000)
 Metaspace       used 23894K, capacity 25610K, committed 25728K, reserved 1071104K
  class space    used 3081K, capacity 3407K, committed 3456K, reserved 1048576K
}
Event: 1.876 GC heap before
{Heap before GC invocations=6 (full 1):
 PSYoungGen      total 109568K, used 109242K [0x000000076b900000, 0x0000000774980000, 0x00000007c0000000)
  eden space 102400K, 100% used [0x000000076b900000,0x0000000771d00000,0x0000000771d00000)
  from space 7168K, 95% used [0x0000000774280000,0x000000077492e970,0x0000000774980000)
  to   space 10752K, 0% used [0x0000000773480000,0x0000000773480000,0x0000000773f00000)
 ParOldGen       total 98304K, used 7047K [0x00000006c2a00000, 0x00000006c8a00000, 0x000000076b900000)
  object space 98304K, 7% used [0x00000006c2a00000,0x00000006c30e1d70,0x00000006c8a00000)
 Metaspace       used 29635K, capacity 31756K, committed 32128K, reserved 1077248K
  class space    used 3964K, capacity 4370K, committed 4480K, reserved 1048576K
Event: 1.883 GC heap after
Heap after GC invocations=6 (full 1):
 PSYoungGen      total 113152K, used 10421K [0x000000076b900000, 0x0000000774980000, 0x00000007c0000000)
  eden space 102400K, 0% used [0x000000076b900000,0x000000076b900000,0x0000000771d00000)
  from space 10752K, 96% used [0x0000000773480000,0x0000000773ead778,0x0000000773f00000)
  to   space 7168K, 0% used [0x0000000774280000,0x0000000774280000,0x0000000774980000)
 ParOldGen       total 98304K, used 7055K [0x00000006c2a00000, 0x00000006c8a00000, 0x000000076b900000)
  object space 98304K, 7% used [0x00000006c2a00000,0x00000006c30e3d70,0x00000006c8a00000)
 Metaspace       used 29635K, capacity 31756K, committed 32128K, reserved 1077248K
  class space    used 3964K, capacity 4370K, committed 4480K, reserved 1048576K
}
Event: 2.160 GC heap before
{Heap before GC invocations=7 (full 1):
 PSYoungGen      total 113152K, used 43994K [0x000000076b900000, 0x0000000774980000, 0x00000007c0000000)
  eden space 102400K, 32% used [0x000000076b900000,0x000000076d9c90d8,0x0000000771d00000)
  from space 10752K, 96% used [0x0000000773480000,0x0000000773ead778,0x0000000773f00000)
  to   space 7168K, 0% used [0x0000000774280000,0x0000000774280000,0x0000000774980000)
 ParOldGen       total 98304K, used 7055K [0x00000006c2a00000, 0x00000006c8a00000, 0x000000076b900000)
  object space 98304K, 7% used [0x00000006c2a00000,0x00000006c30e3d70,0x00000006c8a00000)
 Metaspace       used 33188K, capacity 35338K, committed 35416K, reserved 1079296K
  class space    used 4415K, capacity 4821K, committed 4864K, reserved 1048576K
Event: 2.164 GC heap after
Heap after GC invocations=7 (full 1):
 PSYoungGen      total 109568K, used 7146K [0x000000076b900000, 0x0000000774980000, 0x00000007c0000000)
  eden space 102400K, 0% used [0x000000076b900000,0x000000076b900000,0x0000000771d00000)
  from space 7168K, 99% used [0x0000000774280000,0x000000077497ab00,0x0000000774980000)
  to   space 10752K, 0% used [0x0000000773480000,0x0000000773480000,0x0000000773f00000)
 ParOldGen       total 98304K, used 7127K [0x00000006c2a00000, 0x00000006c8a00000, 0x000000076b900000)
  object space 98304K, 7% used [0x00000006c2a00000,0x00000006c30f5d80,0x00000006c8a00000)
 Metaspace       used 33188K, capacity 35338K, committed 35416K, reserved 1079296K
  class space    used 4415K, capacity 4821K, committed 4864K, reserved 1048576K
}
Event: 2.164 GC heap before
{Heap before GC invocations=8 (full 2):
 PSYoungGen      total 109568K, used 7146K [0x000000076b900000, 0x0000000774980000, 0x00000007c0000000)
  eden space 102400K, 0% used [0x000000076b900000,0x000000076b900000,0x0000000771d00000)
  from space 7168K, 99% used [0x0000000774280000,0x000000077497ab00,0x0000000774980000)
  to   space 10752K, 0% used [0x0000000773480000,0x0000000773480000,0x0000000773f00000)
 ParOldGen       total 98304K, used 7127K [0x00000006c2a00000, 0x00000006c8a00000, 0x000000076b900000)
  object space 98304K, 7% used [0x00000006c2a00000,0x00000006c30f5d80,0x00000006c8a00000)
 Metaspace       used 33188K, capacity 35338K, committed 35416K, reserved 1079296K
  class space    used 4415K, capacity 4821K, committed 4864K, reserved 1048576K
Event: 2.187 GC heap after
Heap after GC invocations=8 (full 2):
 PSYoungGen      total 109568K, used 0K [0x000000076b900000, 0x0000000774980000, 0x00000007c0000000)
  eden space 102400K, 0% used [0x000000076b900000,0x000000076b900000,0x0000000771d00000)
  from space 7168K, 0% used [0x0000000774280000,0x0000000774280000,0x0000000774980000)
  to   space 10752K, 0% used [0x0000000773480000,0x0000000773480000,0x0000000773f00000)
 ParOldGen       total 98304K, used 11821K [0x00000006c2a00000, 0x00000006c8a00000, 0x000000076b900000)
  object space 98304K, 12% used [0x00000006c2a00000,0x00000006c358b7b0,0x00000006c8a00000)
 Metaspace       used 33188K, capacity 35338K, committed 35416K, reserved 1079296K
  class space    used 4415K, capacity 4821K, committed 4864K, reserved 1048576K
}
Event: 2.432 GC heap before
{Heap before GC invocations=9 (full 2):
 PSYoungGen      total 109568K, used 102400K [0x000000076b900000, 0x0000000774980000, 0x00000007c0000000)
  eden space 102400K, 100% used [0x000000076b900000,0x0000000771d00000,0x0000000771d00000)
  from space 7168K, 0% used [0x0000000774280000,0x0000000774280000,0x0000000774980000)
  to   space 10752K, 0% used [0x0000000773480000,0x0000000773480000,0x0000000773f00000)
 ParOldGen       total 98304K, used 11821K [0x00000006c2a00000, 0x00000006c8a00000, 0x000000076b900000)
  object space 98304K, 12% used [0x00000006c2a00000,0x00000006c358b7b0,0x00000006c8a00000)
 Metaspace       used 35437K, capacity 37768K, committed 37888K, reserved 1081344K
  class space    used 4642K, capacity 5080K, committed 5120K, reserved 1048576K
Event: 2.435 GC heap after
Heap after GC invocations=9 (full 2):
 PSYoungGen      total 113152K, used 4114K [0x000000076b900000, 0x0000000774980000, 0x00000007c0000000)
  eden space 102400K, 0% used [0x000000076b900000,0x000000076b900000,0x0000000771d00000)
  from space 10752K, 38% used [0x0000000773480000,0x0000000773884b58,0x0000000773f00000)
  to   space 7168K, 0% used [0x0000000774280000,0x0000000774280000,0x0000000774980000)
 ParOldGen       total 98304K, used 11829K [0x00000006c2a00000, 0x00000006c8a00000, 0x000000076b900000)
  object space 98304K, 12% used [0x00000006c2a00000,0x00000006c358d7b0,0x00000006c8a00000)
 Metaspace       used 35437K, capacity 37768K, committed 37888K, reserved 1081344K
  class space    used 4642K, capacity 5080K, committed 5120K, reserved 1048576K
}

