# JRE version: Java(TM) SE Runtime Environment (8.0_91-b15) (build 1.8.0_91-b15)
# Java VM: Java HotSpot(TM) 64-Bit Server VM (25.91-b15 mixed mode windows-amd64 compressed oops)
Heap:
 PSYoungGen      total 181248K, used 175511K [0x000000076b900000, 0x000000077cc80000, 0x00000007c0000000)
  eden space 169984K, 96% used [0x000000076b900000,0x000000077596ca68,0x0000000775f00000)
  from space 11264K, 99% used [0x0000000775f00000,0x00000007769f91d0,0x0000000776a00000)
  to   space 12288K, 0% used [0x000000077c080000,0x000000077c080000,0x000000077cc80000)
 ParOldGen       total 138240K, used 11788K [0x00000006c2a00000, 0x00000006cb100000, 0x000000076b900000)
  object space 138240K, 8% used [0x00000006c2a00000,0x00000006c35833e0,0x00000006cb100000)
 Metaspace       used 50647K, capacity 53838K, committed 54016K, reserved 1095680K
  class space    used 6505K, capacity 7087K, committed 7168K, reserved 1048576K
GC Heap History (10 events):
Event: 1.303 GC heap before
{Heap before GC invocations=5 (full 1):
 PSYoungGen      total 75776K, used 65024K [0x000000076b900000, 0x0000000774d00000, 0x00000007c0000000)
  eden space 65024K, 100% used [0x000000076b900000,0x000000076f880000,0x000000076f880000)
  from space 10752K, 0% used [0x000000076f880000,0x000000076f880000,0x0000000770300000)
  to   space 10752K, 0% used [0x0000000774280000,0x0000000774280000,0x0000000774d00000)
 ParOldGen       total 93696K, used 7045K [0x00000006c2a00000, 0x00000006c8580000, 0x000000076b900000)
  object space 93696K, 7% used [0x00000006c2a00000,0x00000006c30e1488,0x00000006c8580000)
 Metaspace       used 23908K, capacity 25638K, committed 25728K, reserved 1071104K
  class space    used 3083K, capacity 3439K, committed 3456K, reserved 1048576K
Event: 1.306 GC heap after
Heap after GC invocations=5 (full 1):
 PSYoungGen      total 113664K, used 6850K [0x000000076b900000, 0x0000000774980000, 0x00000007c0000000)
  eden space 106496K, 0% used [0x000000076b900000,0x000000076b900000,0x0000000772100000)
  from space 7168K, 95% used [0x0000000774280000,0x00000007749309f0,0x0000000774980000)
  to   space 10752K, 0% used [0x0000000773480000,0x0000000773480000,0x0000000773f00000)
 ParOldGen       total 93696K, used 7053K [0x00000006c2a00000, 0x00000006c8580000, 0x000000076b900000)
  object space 93696K, 7% used [0x00000006c2a00000,0x00000006c30e3488,0x00000006c8580000)
 Metaspace       used 23908K, capacity 25638K, committed 25728K, reserved 1071104K
  class space    used 3083K, capacity 3439K, committed 3456K, reserved 1048576K
}
Event: 1.913 GC heap before
{Heap before GC invocations=6 (full 1):
 PSYoungGen      total 113664K, used 113346K [0x000000076b900000, 0x0000000774980000, 0x00000007c0000000)
  eden space 106496K, 100% used [0x000000076b900000,0x0000000772100000,0x0000000772100000)
  from space 7168K, 95% used [0x0000000774280000,0x00000007749309f0,0x0000000774980000)
  to   space 10752K, 0% used [0x0000000773480000,0x0000000773480000,0x0000000773f00000)
 ParOldGen       total 93696K, used 7053K [0x00000006c2a00000, 0x00000006c8580000, 0x000000076b900000)
  object space 93696K, 7% used [0x00000006c2a00000,0x00000006c30e3488,0x00000006c8580000)
 Metaspace       used 29793K, capacity 31908K, committed 32128K, reserved 1077248K
  class space    used 3983K, capacity 4374K, committed 4480K, reserved 1048576K
Event: 1.919 GC heap after
Heap after GC invocations=6 (full 1):
 PSYoungGen      total 137216K, used 10725K [0x000000076b900000, 0x0000000777500000, 0x00000007c0000000)
  eden space 126464K, 0% used [0x000000076b900000,0x000000076b900000,0x0000000773480000)
  from space 10752K, 99% used [0x0000000773480000,0x0000000773ef9510,0x0000000773f00000)
  to   space 11264K, 0% used [0x0000000776a00000,0x0000000776a00000,0x0000000777500000)
 ParOldGen       total 93696K, used 7214K [0x00000006c2a00000, 0x00000006c8580000, 0x000000076b900000)
  object space 93696K, 7% used [0x00000006c2a00000,0x00000006c310b870,0x00000006c8580000)
 Metaspace       used 29793K, capacity 31908K, committed 32128K, reserved 1077248K
  class space    used 3983K, capacity 4374K, committed 4480K, reserved 1048576K
}
Event: 2.088 GC heap before
{Heap before GC invocations=7 (full 1):
 PSYoungGen      total 137216K, used 39328K [0x000000076b900000, 0x0000000777500000, 0x00000007c0000000)
  eden space 126464K, 22% used [0x000000076b900000,0x000000076d4eeaf8,0x0000000773480000)
  from space 10752K, 99% used [0x0000000773480000,0x0000000773ef9510,0x0000000773f00000)
  to   space 11264K, 0% used [0x0000000776a00000,0x0000000776a00000,0x0000000777500000)
 ParOldGen       total 93696K, used 7214K [0x00000006c2a00000, 0x00000006c8580000, 0x000000076b900000)
  object space 93696K, 7% used [0x00000006c2a00000,0x00000006c310b870,0x00000006c8580000)
 Metaspace       used 33204K, capacity 35430K, committed 35496K, reserved 1079296K
  class space    used 4417K, capacity 4853K, committed 4864K, reserved 1048576K
Event: 2.091 GC heap after
Heap after GC invocations=7 (full 1):
 PSYoungGen      total 181248K, used 7026K [0x000000076b900000, 0x0000000779200000, 0x00000007c0000000)
  eden space 169984K, 0% used [0x000000076b900000,0x000000076b900000,0x0000000775f00000)
  from space 11264K, 62% used [0x0000000776a00000,0x00000007770dca50,0x0000000777500000)
  to   space 11264K, 0% used [0x0000000775f00000,0x0000000775f00000,0x0000000776a00000)
 ParOldGen       total 93696K, used 7286K [0x00000006c2a00000, 0x00000006c8580000, 0x000000076b900000)
  object space 93696K, 7% used [0x00000006c2a00000,0x00000006c311d880,0x00000006c8580000)
 Metaspace       used 33204K, capacity 35430K, committed 35496K, reserved 1079296K
  class space    used 4417K, capacity 4853K, committed 4864K, reserved 1048576K
}
Event: 2.091 GC heap before
{Heap before GC invocations=8 (full 2):
 PSYoungGen      total 181248K, used 7026K [0x000000076b900000, 0x0000000779200000, 0x00000007c0000000)
  eden space 169984K, 0% used [0x000000076b900000,0x000000076b900000,0x0000000775f00000)
  from space 11264K, 62% used [0x0000000776a00000,0x00000007770dca50,0x0000000777500000)
  to   space 11264K, 0% used [0x0000000775f00000,0x0000000775f00000,0x0000000776a00000)
 ParOldGen       total 93696K, used 7286K [0x00000006c2a00000, 0x00000006c8580000, 0x000000076b900000)
  object space 93696K, 7% used [0x00000006c2a00000,0x00000006c311d880,0x00000006c8580000)
 Metaspace       used 33204K, capacity 35430K, committed 35496K, reserved 1079296K
  class space    used 4417K, capacity 4853K, committed 4864K, reserved 1048576K
Event: 2.111 GC heap after
Heap after GC invocations=8 (full 2):
 PSYoungGen      total 181248K, used 0K [0x000000076b900000, 0x0000000779200000, 0x00000007c0000000)
  eden space 169984K, 0% used [0x000000076b900000,0x000000076b900000,0x0000000775f00000)
  from space 11264K, 0% used [0x0000000776a00000,0x0000000776a00000,0x0000000777500000)
  to   space 11264K, 0% used [0x0000000775f00000,0x0000000775f00000,0x0000000776a00000)
 ParOldGen       total 138240K, used 11772K [0x00000006c2a00000, 0x00000006cb100000, 0x000000076b900000)
  object space 138240K, 8% used [0x00000006c2a00000,0x00000006c357f3e0,0x00000006cb100000)
 Metaspace       used 33204K, capacity 35430K, committed 35496K, reserved 1079296K
  class space    used 4417K, capacity 4853K, committed 4864K, reserved 1048576K
}
Event: 2.718 GC heap before
{Heap before GC invocations=9 (full 2):
 PSYoungGen      total 181248K, used 169984K [0x000000076b900000, 0x0000000779200000, 0x00000007c0000000)
  eden space 169984K, 100% used [0x000000076b900000,0x0000000775f00000,0x0000000775f00000)
  from space 11264K, 0% used [0x0000000776a00000,0x0000000776a00000,0x0000000777500000)
  to   space 11264K, 0% used [0x0000000775f00000,0x0000000775f00000,0x0000000776a00000)
 ParOldGen       total 138240K, used 11772K [0x00000006c2a00000, 0x00000006cb100000, 0x000000076b900000)
  object space 138240K, 8% used [0x00000006c2a00000,0x00000006c357f3e0,0x00000006cb100000)
 Metaspace       used 41469K, capacity 44048K, committed 44160K, reserved 1087488K
  class space    used 5457K, capacity 5960K, committed 6016K, reserved 1048576K
Event: 2.725 GC heap after
Heap after GC invocations=9 (full 2):
 PSYoungGen      total 181248K, used 11236K [0x000000076b900000, 0x000000077cc80000, 0x00000007c0000000)
  eden space 169984K, 0% used [0x000000076b900000,0x000000076b900000,0x0000000775f00000)
  from space 11264K, 99% used [0x0000000775f00000,0x00000007769f91d0,0x0000000776a00000)
  to   space 12288K, 0% used [0x000000077c080000,0x000000077c080000,0x000000077cc80000)
 ParOldGen       total 138240K, used 11788K [0x00000006c2a00000, 0x00000006cb100000, 0x000000076b900000)
  object space 138240K, 8% used [0x00000006c2a00000,0x00000006c35833e0,0x00000006cb100000)
 Metaspace       used 41469K, capacity 44048K, committed 44160K, reserved 1087488K
  class space    used 5457K, capacity 5960K, committed 6016K, reserved 1048576K
}

